{"/home/john/Desktop/ChatApp/client-wise-ui/src/App.jsx": {"path":"/home/john/Desktop/ChatApp/client-wise-ui/src/App.jsx","statementMap":{"0":{"start":{"line":7,"column":26},"end":{"line":7,"column":50}},"1":{"start":{"line":9,"column":2},"end":{"line":9,"column":51}},"2":{"start":{"line":10,"column":2},"end":{"line":10,"column":40}},"3":{"start":{"line":11,"column":2},"end":{"line":15,"column":4}}},"fnMap":{"0":{"name":"App","decl":{"start":{"line":6,"column":9},"end":{"line":6,"column":12}},"loc":{"start":{"line":6,"column":15},"end":{"line":16,"column":1}},"line":6}},"branchMap":{"0":{"loc":{"start":{"line":12,"column":23},"end":{"line":12,"column":55}},"type":"cond-expr","locations":[{"start":{"line":12,"column":37},"end":{"line":12,"column":50}},{"start":{"line":12,"column":53},"end":{"line":12,"column":55}}],"line":12}},"s":{"0":1,"1":1,"2":1,"3":1},"f":{"0":1},"b":{"0":[0,1]},"_coverageSchema":"1a1c01bbd47fc00a2c39e90264f33305004495a9","hash":"8c43c4e65e6cb8ac957287b7106b965fdbb4da31"}
,"/home/john/Desktop/ChatApp/client-wise-ui/src/Chat.jsx": {"path":"/home/john/Desktop/ChatApp/client-wise-ui/src/Chat.jsx","statementMap":{"0":{"start":{"line":13,"column":40},"end":{"line":13,"column":63}},"1":{"start":{"line":14,"column":40},"end":{"line":14,"column":55}},"2":{"start":{"line":15,"column":32},"end":{"line":15,"column":44}},"3":{"start":{"line":16,"column":38},"end":{"line":16,"column":53}},"4":{"start":{"line":17,"column":34},"end":{"line":17,"column":46}},"5":{"start":{"line":18,"column":36},"end":{"line":18,"column":50}},"6":{"start":{"line":19,"column":42},"end":{"line":19,"column":54}},"7":{"start":{"line":20,"column":50},"end":{"line":20,"column":62}},"8":{"start":{"line":21,"column":50},"end":{"line":21,"column":65}},"9":{"start":{"line":22,"column":48},"end":{"line":22,"column":63}},"10":{"start":{"line":23,"column":42},"end":{"line":23,"column":66}},"11":{"start":{"line":25,"column":25},"end":{"line":27,"column":16}},"12":{"start":{"line":26,"column":4},"end":{"line":26,"column":70}},"13":{"start":{"line":29,"column":28},"end":{"line":29,"column":40}},"14":{"start":{"line":31,"column":2},"end":{"line":42,"column":21}},"15":{"start":{"line":32,"column":4},"end":{"line":34,"column":5}},"16":{"start":{"line":33,"column":6},"end":{"line":33,"column":22}},"17":{"start":{"line":35,"column":4},"end":{"line":41,"column":6}},"18":{"start":{"line":36,"column":6},"end":{"line":40,"column":7}},"19":{"start":{"line":37,"column":8},"end":{"line":37,"column":64}},"20":{"start":{"line":38,"column":8},"end":{"line":38,"column":69}},"21":{"start":{"line":39,"column":8},"end":{"line":39,"column":26}},"22":{"start":{"line":45,"column":4},"end":{"line":45,"column":35}},"23":{"start":{"line":46,"column":4},"end":{"line":46,"column":26}},"24":{"start":{"line":47,"column":4},"end":{"line":50,"column":13}},"25":{"start":{"line":48,"column":6},"end":{"line":48,"column":56}},"26":{"start":{"line":49,"column":6},"end":{"line":49,"column":22}},"27":{"start":{"line":54,"column":4},"end":{"line":61,"column":5}},"28":{"start":{"line":55,"column":6},"end":{"line":55,"column":60}},"29":{"start":{"line":56,"column":17},"end":{"line":56,"column":63}},"30":{"start":{"line":57,"column":6},"end":{"line":57,"column":27}},"31":{"start":{"line":58,"column":6},"end":{"line":58,"column":23}},"32":{"start":{"line":59,"column":6},"end":{"line":59,"column":52}},"33":{"start":{"line":60,"column":6},"end":{"line":60,"column":57}},"34":{"start":{"line":64,"column":2},"end":{"line":85,"column":21}},"35":{"start":{"line":65,"column":4},"end":{"line":84,"column":5}},"36":{"start":{"line":66,"column":6},"end":{"line":66,"column":31}},"37":{"start":{"line":68,"column":6},"end":{"line":81,"column":11}},"38":{"start":{"line":71,"column":33},"end":{"line":71,"column":41}},"39":{"start":{"line":72,"column":10},"end":{"line":72,"column":38}},"40":{"start":{"line":73,"column":10},"end":{"line":76,"column":11}},"41":{"start":{"line":74,"column":12},"end":{"line":74,"column":40}},"42":{"start":{"line":75,"column":12},"end":{"line":75,"column":38}},"43":{"start":{"line":79,"column":10},"end":{"line":79,"column":36}},"44":{"start":{"line":80,"column":10},"end":{"line":80,"column":27}},"45":{"start":{"line":83,"column":6},"end":{"line":83,"column":38}},"46":{"start":{"line":87,"column":2},"end":{"line":91,"column":9}},"47":{"start":{"line":88,"column":4},"end":{"line":90,"column":7}},"48":{"start":{"line":89,"column":6},"end":{"line":89,"column":25}},"49":{"start":{"line":93,"column":29},"end":{"line":101,"column":3}},"50":{"start":{"line":94,"column":26},"end":{"line":95,"column":16}},"51":{"start":{"line":94,"column":49},"end":{"line":94,"column":67}},"52":{"start":{"line":96,"column":4},"end":{"line":96,"column":30}},"53":{"start":{"line":97,"column":4},"end":{"line":97,"column":39}},"54":{"start":{"line":98,"column":4},"end":{"line":98,"column":24}},"55":{"start":{"line":99,"column":4},"end":{"line":99,"column":20}},"56":{"start":{"line":100,"column":4},"end":{"line":100,"column":28}},"57":{"start":{"line":103,"column":24},"end":{"line":121,"column":3}},"58":{"start":{"line":104,"column":4},"end":{"line":107,"column":5}},"59":{"start":{"line":105,"column":6},"end":{"line":105,"column":25}},"60":{"start":{"line":106,"column":6},"end":{"line":106,"column":59}},"61":{"start":{"line":106,"column":28},"end":{"line":106,"column":57}},"62":{"start":{"line":108,"column":21},"end":{"line":108,"column":40}},"63":{"start":{"line":109,"column":22},"end":{"line":109,"column":32}},"64":{"start":{"line":110,"column":27},"end":{"line":116,"column":5}},"65":{"start":{"line":117,"column":4},"end":{"line":119,"column":5}},"66":{"start":{"line":118,"column":6},"end":{"line":118,"column":53}},"67":{"start":{"line":120,"column":4},"end":{"line":120,"column":19}},"68":{"start":{"line":123,"column":23},"end":{"line":136,"column":3}},"69":{"start":{"line":124,"column":4},"end":{"line":124,"column":23}},"70":{"start":{"line":125,"column":4},"end":{"line":135,"column":9}},"71":{"start":{"line":128,"column":8},"end":{"line":128,"column":24}},"72":{"start":{"line":131,"column":8},"end":{"line":131,"column":41}},"73":{"start":{"line":132,"column":8},"end":{"line":132,"column":38}},"74":{"start":{"line":134,"column":8},"end":{"line":134,"column":34}},"75":{"start":{"line":138,"column":23},"end":{"line":141,"column":3}},"76":{"start":{"line":139,"column":4},"end":{"line":139,"column":23}},"77":{"start":{"line":140,"column":4},"end":{"line":140,"column":21}},"78":{"start":{"line":143,"column":28},"end":{"line":145,"column":3}},"79":{"start":{"line":144,"column":4},"end":{"line":144,"column":33}},"80":{"start":{"line":146,"column":2},"end":{"line":279,"column":4}},"81":{"start":{"line":158,"column":14},"end":{"line":169,"column":16}},"82":{"start":{"line":223,"column":14},"end":{"line":253,"column":20}},"83":{"start":{"line":265,"column":31},"end":{"line":265,"column":57}}},"fnMap":{"0":{"name":"Chat","decl":{"start":{"line":12,"column":24},"end":{"line":12,"column":28}},"loc":{"start":{"line":12,"column":31},"end":{"line":280,"column":1}},"line":12},"1":{"name":"(anonymous_1)","decl":{"start":{"line":25,"column":33},"end":{"line":25,"column":34}},"loc":{"start":{"line":25,"column":39},"end":{"line":27,"column":3}},"line":25},"2":{"name":"(anonymous_2)","decl":{"start":{"line":31,"column":12},"end":{"line":31,"column":13}},"loc":{"start":{"line":31,"column":18},"end":{"line":42,"column":3}},"line":31},"3":{"name":"(anonymous_3)","decl":{"start":{"line":35,"column":11},"end":{"line":35,"column":12}},"loc":{"start":{"line":35,"column":17},"end":{"line":41,"column":5}},"line":35},"4":{"name":"handleWebSocketClose","decl":{"start":{"line":44,"column":11},"end":{"line":44,"column":31}},"loc":{"start":{"line":44,"column":34},"end":{"line":51,"column":3}},"line":44},"5":{"name":"(anonymous_5)","decl":{"start":{"line":47,"column":15},"end":{"line":47,"column":16}},"loc":{"start":{"line":47,"column":21},"end":{"line":50,"column":5}},"line":47},"6":{"name":"initWebSocket","decl":{"start":{"line":53,"column":11},"end":{"line":53,"column":24}},"loc":{"start":{"line":53,"column":27},"end":{"line":62,"column":3}},"line":53},"7":{"name":"(anonymous_7)","decl":{"start":{"line":64,"column":12},"end":{"line":64,"column":13}},"loc":{"start":{"line":64,"column":18},"end":{"line":85,"column":3}},"line":64},"8":{"name":"(anonymous_8)","decl":{"start":{"line":70,"column":14},"end":{"line":70,"column":15}},"loc":{"start":{"line":70,"column":23},"end":{"line":77,"column":9}},"line":70},"9":{"name":"(anonymous_9)","decl":{"start":{"line":78,"column":15},"end":{"line":78,"column":16}},"loc":{"start":{"line":78,"column":24},"end":{"line":81,"column":9}},"line":78},"10":{"name":"(anonymous_10)","decl":{"start":{"line":87,"column":12},"end":{"line":87,"column":13}},"loc":{"start":{"line":87,"column":18},"end":{"line":91,"column":3}},"line":87},"11":{"name":"(anonymous_11)","decl":{"start":{"line":88,"column":29},"end":{"line":88,"column":30}},"loc":{"start":{"line":88,"column":38},"end":{"line":90,"column":5}},"line":88},"12":{"name":"(anonymous_12)","decl":{"start":{"line":93,"column":29},"end":{"line":93,"column":30}},"loc":{"start":{"line":93,"column":41},"end":{"line":101,"column":3}},"line":93},"13":{"name":"(anonymous_13)","decl":{"start":{"line":94,"column":39},"end":{"line":94,"column":40}},"loc":{"start":{"line":94,"column":49},"end":{"line":94,"column":67}},"line":94},"14":{"name":"(anonymous_14)","decl":{"start":{"line":103,"column":24},"end":{"line":103,"column":25}},"loc":{"start":{"line":103,"column":31},"end":{"line":121,"column":3}},"line":103},"15":{"name":"(anonymous_15)","decl":{"start":{"line":106,"column":18},"end":{"line":106,"column":19}},"loc":{"start":{"line":106,"column":28},"end":{"line":106,"column":57}},"line":106},"16":{"name":"(anonymous_16)","decl":{"start":{"line":123,"column":23},"end":{"line":123,"column":24}},"loc":{"start":{"line":123,"column":30},"end":{"line":136,"column":3}},"line":123},"17":{"name":"(anonymous_17)","decl":{"start":{"line":127,"column":12},"end":{"line":127,"column":13}},"loc":{"start":{"line":127,"column":21},"end":{"line":129,"column":7}},"line":127},"18":{"name":"(anonymous_18)","decl":{"start":{"line":130,"column":15},"end":{"line":130,"column":16}},"loc":{"start":{"line":130,"column":21},"end":{"line":135,"column":7}},"line":130},"19":{"name":"(anonymous_19)","decl":{"start":{"line":138,"column":23},"end":{"line":138,"column":24}},"loc":{"start":{"line":138,"column":30},"end":{"line":141,"column":3}},"line":138},"20":{"name":"(anonymous_20)","decl":{"start":{"line":143,"column":28},"end":{"line":143,"column":29}},"loc":{"start":{"line":143,"column":34},"end":{"line":145,"column":3}},"line":143},"21":{"name":"(anonymous_21)","decl":{"start":{"line":157,"column":22},"end":{"line":157,"column":23}},"loc":{"start":{"line":158,"column":14},"end":{"line":169,"column":16}},"line":158},"22":{"name":"(anonymous_22)","decl":{"start":{"line":222,"column":32},"end":{"line":222,"column":33}},"loc":{"start":{"line":223,"column":14},"end":{"line":253,"column":20}},"line":223},"23":{"name":"(anonymous_23)","decl":{"start":{"line":265,"column":24},"end":{"line":265,"column":25}},"loc":{"start":{"line":265,"column":31},"end":{"line":265,"column":57}},"line":265}},"branchMap":{"0":{"loc":{"start":{"line":32,"column":4},"end":{"line":34,"column":5}},"type":"if","locations":[{"start":{"line":32,"column":4},"end":{"line":34,"column":5}},{"start":{},"end":{}}],"line":32},"1":{"loc":{"start":{"line":32,"column":8},"end":{"line":32,"column":50}},"type":"binary-expr","locations":[{"start":{"line":32,"column":8},"end":{"line":32,"column":20}},{"start":{"line":32,"column":24},"end":{"line":32,"column":50}}],"line":32},"2":{"loc":{"start":{"line":36,"column":6},"end":{"line":40,"column":7}},"type":"if","locations":[{"start":{"line":36,"column":6},"end":{"line":40,"column":7}},{"start":{},"end":{}}],"line":36},"3":{"loc":{"start":{"line":54,"column":4},"end":{"line":61,"column":5}},"type":"if","locations":[{"start":{"line":54,"column":4},"end":{"line":61,"column":5}},{"start":{},"end":{}}],"line":54},"4":{"loc":{"start":{"line":65,"column":4},"end":{"line":84,"column":5}},"type":"if","locations":[{"start":{"line":65,"column":4},"end":{"line":84,"column":5}},{"start":{"line":82,"column":11},"end":{"line":84,"column":5}}],"line":65},"5":{"loc":{"start":{"line":73,"column":10},"end":{"line":76,"column":11}},"type":"if","locations":[{"start":{"line":73,"column":10},"end":{"line":76,"column":11}},{"start":{},"end":{}}],"line":73},"6":{"loc":{"start":{"line":104,"column":4},"end":{"line":107,"column":5}},"type":"if","locations":[{"start":{"line":104,"column":4},"end":{"line":107,"column":5}},{"start":{},"end":{}}],"line":104},"7":{"loc":{"start":{"line":117,"column":4},"end":{"line":119,"column":5}},"type":"if","locations":[{"start":{"line":117,"column":4},"end":{"line":119,"column":5}},{"start":{},"end":{}}],"line":117},"8":{"loc":{"start":{"line":117,"column":8},"end":{"line":117,"column":55}},"type":"binary-expr","locations":[{"start":{"line":117,"column":8},"end":{"line":117,"column":22}},{"start":{"line":117,"column":26},"end":{"line":117,"column":55}}],"line":117},"9":{"loc":{"start":{"line":150,"column":10},"end":{"line":150,"column":53}},"type":"cond-expr","locations":[{"start":{"line":150,"column":24},"end":{"line":150,"column":37}},{"start":{"line":150,"column":40},"end":{"line":150,"column":53}}],"line":150},"10":{"loc":{"start":{"line":152,"column":10},"end":{"line":152,"column":55}},"type":"cond-expr","locations":[{"start":{"line":152,"column":24},"end":{"line":152,"column":36}},{"start":{"line":152,"column":39},"end":{"line":152,"column":55}}],"line":152},"11":{"loc":{"start":{"line":156,"column":11},"end":{"line":170,"column":14}},"type":"binary-expr","locations":[{"start":{"line":156,"column":11},"end":{"line":156,"column":16}},{"start":{"line":157,"column":12},"end":{"line":170,"column":14}}],"line":156},"12":{"loc":{"start":{"line":173,"column":11},"end":{"line":178,"column":11}},"type":"binary-expr","locations":[{"start":{"line":173,"column":11},"end":{"line":173,"column":27}},{"start":{"line":174,"column":12},"end":{"line":177,"column":18}}],"line":173},"13":{"loc":{"start":{"line":176,"column":21},"end":{"line":176,"column":64}},"type":"binary-expr","locations":[{"start":{"line":176,"column":21},"end":{"line":176,"column":37}},{"start":{"line":176,"column":41},"end":{"line":176,"column":64}}],"line":176},"14":{"loc":{"start":{"line":182,"column":15},"end":{"line":186,"column":15}},"type":"cond-expr","locations":[{"start":{"line":183,"column":16},"end":{"line":183,"column":69}},{"start":{"line":185,"column":16},"end":{"line":185,"column":61}}],"line":182},"15":{"loc":{"start":{"line":199,"column":24},"end":{"line":199,"column":55}},"type":"cond-expr","locations":[{"start":{"line":199,"column":38},"end":{"line":199,"column":45}},{"start":{"line":199,"column":48},"end":{"line":199,"column":55}}],"line":199},"16":{"loc":{"start":{"line":205,"column":21},"end":{"line":205,"column":52}},"type":"cond-expr","locations":[{"start":{"line":205,"column":35},"end":{"line":205,"column":42}},{"start":{"line":205,"column":45},"end":{"line":205,"column":52}}],"line":205},"17":{"loc":{"start":{"line":213,"column":10},"end":{"line":213,"column":53}},"type":"cond-expr","locations":[{"start":{"line":213,"column":24},"end":{"line":213,"column":37}},{"start":{"line":213,"column":40},"end":{"line":213,"column":53}}],"line":213},"18":{"loc":{"start":{"line":218,"column":12},"end":{"line":218,"column":47}},"type":"cond-expr","locations":[{"start":{"line":218,"column":30},"end":{"line":218,"column":42}},{"start":{"line":218,"column":45},"end":{"line":218,"column":47}}],"line":218},"19":{"loc":{"start":{"line":221,"column":11},"end":{"line":254,"column":14}},"type":"binary-expr","locations":[{"start":{"line":221,"column":11},"end":{"line":221,"column":25}},{"start":{"line":222,"column":12},"end":{"line":254,"column":14}}],"line":221},"20":{"loc":{"start":{"line":224,"column":17},"end":{"line":252,"column":17}},"type":"binary-expr","locations":[{"start":{"line":224,"column":17},"end":{"line":224,"column":40}},{"start":{"line":225,"column":18},"end":{"line":251,"column":24}}],"line":224},"21":{"loc":{"start":{"line":227,"column":22},"end":{"line":237,"column":28}},"type":"cond-expr","locations":[{"start":{"line":228,"column":26},"end":{"line":232,"column":28}},{"start":{"line":233,"column":26},"end":{"line":237,"column":28}}],"line":227},"22":{"loc":{"start":{"line":229,"column":28},"end":{"line":231,"column":68}},"type":"cond-expr","locations":[{"start":{"line":230,"column":32},"end":{"line":230,"column":66}},{"start":{"line":231,"column":32},"end":{"line":231,"column":68}}],"line":229},"23":{"loc":{"start":{"line":234,"column":28},"end":{"line":236,"column":59}},"type":"cond-expr","locations":[{"start":{"line":235,"column":32},"end":{"line":235,"column":57}},{"start":{"line":236,"column":32},"end":{"line":236,"column":59}}],"line":234},"24":{"loc":{"start":{"line":242,"column":25},"end":{"line":244,"column":36}},"type":"cond-expr","locations":[{"start":{"line":243,"column":28},"end":{"line":243,"column":44}},{"start":{"line":244,"column":28},"end":{"line":244,"column":36}}],"line":242},"25":{"loc":{"start":{"line":263,"column":16},"end":{"line":263,"column":60}},"type":"cond-expr","locations":[{"start":{"line":263,"column":30},"end":{"line":263,"column":55}},{"start":{"line":263,"column":58},"end":{"line":263,"column":60}}],"line":263}},"s":{"0":0,"1":0,"2":0,"3":0,"4":0,"5":0,"6":0,"7":0,"8":0,"9":0,"10":0,"11":0,"12":0,"13":0,"14":0,"15":0,"16":0,"17":0,"18":0,"19":0,"20":0,"21":0,"22":0,"23":0,"24":0,"25":0,"26":0,"27":0,"28":0,"29":0,"30":0,"31":0,"32":0,"33":0,"34":0,"35":0,"36":0,"37":0,"38":0,"39":0,"40":0,"41":0,"42":0,"43":0,"44":0,"45":0,"46":0,"47":0,"48":0,"49":0,"50":0,"51":0,"52":0,"53":0,"54":0,"55":0,"56":0,"57":0,"58":0,"59":0,"60":0,"61":0,"62":0,"63":0,"64":0,"65":0,"66":0,"67":0,"68":0,"69":0,"70":0,"71":0,"72":0,"73":0,"74":0,"75":0,"76":0,"77":0,"78":0,"79":0,"80":0,"81":0,"82":0,"83":0},"f":{"0":0,"1":0,"2":0,"3":0,"4":0,"5":0,"6":0,"7":0,"8":0,"9":0,"10":0,"11":0,"12":0,"13":0,"14":0,"15":0,"16":0,"17":0,"18":0,"19":0,"20":0,"21":0,"22":0,"23":0},"b":{"0":[0,0],"1":[0,0],"2":[0,0],"3":[0,0],"4":[0,0],"5":[0,0],"6":[0,0],"7":[0,0],"8":[0,0],"9":[0,0],"10":[0,0],"11":[0,0],"12":[0,0],"13":[0,0],"14":[0,0],"15":[0,0],"16":[0,0],"17":[0,0],"18":[0,0],"19":[0,0],"20":[0,0],"21":[0,0],"22":[0,0],"23":[0,0],"24":[0,0],"25":[0,0]},"_coverageSchema":"1a1c01bbd47fc00a2c39e90264f33305004495a9","hash":"8eea0a700f0af37e4134e7ee8fc886c3ad4af6c1"}
,"/home/john/Desktop/ChatApp/client-wise-ui/src/Routes.jsx": {"path":"/home/john/Desktop/ChatApp/client-wise-ui/src/Routes.jsx","statementMap":{"0":{"start":{"line":9,"column":22},"end":{"line":25,"column":1}},"1":{"start":{"line":10,"column":30},"end":{"line":10,"column":53}},"2":{"start":{"line":11,"column":26},"end":{"line":11,"column":50}},"3":{"start":{"line":13,"column":2},"end":{"line":13,"column":56}},"4":{"start":{"line":14,"column":2},"end":{"line":23,"column":3}},"5":{"start":{"line":15,"column":4},"end":{"line":22,"column":6}},"6":{"start":{"line":24,"column":2},"end":{"line":24,"column":22}}},"fnMap":{"0":{"name":"(anonymous_0)","decl":{"start":{"line":9,"column":22},"end":{"line":9,"column":23}},"loc":{"start":{"line":9,"column":28},"end":{"line":25,"column":1}},"line":9}},"branchMap":{"0":{"loc":{"start":{"line":14,"column":2},"end":{"line":23,"column":3}},"type":"if","locations":[{"start":{"line":14,"column":2},"end":{"line":23,"column":3}},{"start":{},"end":{}}],"line":14},"1":{"loc":{"start":{"line":14,"column":6},"end":{"line":14,"column":23}},"type":"binary-expr","locations":[{"start":{"line":14,"column":6},"end":{"line":14,"column":14}},{"start":{"line":14,"column":18},"end":{"line":14,"column":23}}],"line":14},"2":{"loc":{"start":{"line":17,"column":38},"end":{"line":17,"column":70}},"type":"cond-expr","locations":[{"start":{"line":17,"column":52},"end":{"line":17,"column":65}},{"start":{"line":17,"column":68},"end":{"line":17,"column":70}}],"line":17}},"s":{"0":1,"1":1,"2":1,"3":1,"4":1,"5":0,"6":1},"f":{"0":1},"b":{"0":[0,1],"1":[1,1],"2":[0,0]},"_coverageSchema":"1a1c01bbd47fc00a2c39e90264f33305004495a9","hash":"18637c4fc582fbb27a5b25a2ed7d1234dedb836a"}
,"/home/john/Desktop/ChatApp/client-wise-ui/src/User.jsx": {"path":"/home/john/Desktop/ChatApp/client-wise-ui/src/User.jsx","statementMap":{"0":{"start":{"line":4,"column":13},"end":{"line":43,"column":1}},"1":{"start":{"line":12,"column":26},"end":{"line":12,"column":50}},"2":{"start":{"line":13,"column":2},"end":{"line":42,"column":4}},"3":{"start":{"line":21,"column":21},"end":{"line":21,"column":48}}},"fnMap":{"0":{"name":"(anonymous_0)","decl":{"start":{"line":4,"column":13},"end":{"line":4,"column":14}},"loc":{"start":{"line":11,"column":6},"end":{"line":43,"column":1}},"line":11},"1":{"name":"(anonymous_1)","decl":{"start":{"line":21,"column":15},"end":{"line":21,"column":16}},"loc":{"start":{"line":21,"column":21},"end":{"line":21,"column":48}},"line":21}},"branchMap":{"0":{"loc":{"start":{"line":17,"column":8},"end":{"line":17,"column":48}},"type":"cond-expr","locations":[{"start":{"line":17,"column":22},"end":{"line":17,"column":35}},{"start":{"line":17,"column":38},"end":{"line":17,"column":48}}],"line":17},"1":{"loc":{"start":{"line":19,"column":8},"end":{"line":19,"column":75}},"type":"cond-expr","locations":[{"start":{"line":19,"column":49},"end":{"line":19,"column":70}},{"start":{"line":19,"column":73},"end":{"line":19,"column":75}}],"line":19},"2":{"loc":{"start":{"line":19,"column":8},"end":{"line":19,"column":46}},"type":"binary-expr","locations":[{"start":{"line":19,"column":8},"end":{"line":19,"column":18}},{"start":{"line":19,"column":22},"end":{"line":19,"column":46}}],"line":19},"3":{"loc":{"start":{"line":24,"column":10},"end":{"line":26,"column":16}},"type":"cond-expr","locations":[{"start":{"line":25,"column":14},"end":{"line":25,"column":48}},{"start":{"line":26,"column":14},"end":{"line":26,"column":16}}],"line":24},"4":{"loc":{"start":{"line":24,"column":10},"end":{"line":24,"column":48}},"type":"binary-expr","locations":[{"start":{"line":24,"column":10},"end":{"line":24,"column":20}},{"start":{"line":24,"column":24},"end":{"line":24,"column":48}}],"line":24},"5":{"loc":{"start":{"line":31,"column":10},"end":{"line":31,"column":67}},"type":"cond-expr","locations":[{"start":{"line":31,"column":51},"end":{"line":31,"column":62}},{"start":{"line":31,"column":65},"end":{"line":31,"column":67}}],"line":31},"6":{"loc":{"start":{"line":31,"column":10},"end":{"line":31,"column":48}},"type":"binary-expr","locations":[{"start":{"line":31,"column":10},"end":{"line":31,"column":20}},{"start":{"line":31,"column":24},"end":{"line":31,"column":48}}],"line":31},"7":{"loc":{"start":{"line":38,"column":10},"end":{"line":38,"column":45}},"type":"cond-expr","locations":[{"start":{"line":38,"column":21},"end":{"line":38,"column":32}},{"start":{"line":38,"column":35},"end":{"line":38,"column":45}}],"line":38}},"s":{"0":1,"1":0,"2":0,"3":0},"f":{"0":0,"1":0},"b":{"0":[0,0],"1":[0,0],"2":[0,0],"3":[0,0],"4":[0,0],"5":[0,0],"6":[0,0],"7":[0,0]},"_coverageSchema":"1a1c01bbd47fc00a2c39e90264f33305004495a9","hash":"dd8130e7fb6071166f90591de73e97f38fa3e817"}
,"/home/john/Desktop/ChatApp/client-wise-ui/src/utils.js": {"path":"/home/john/Desktop/ChatApp/client-wise-ui/src/utils.js","statementMap":{"0":{"start":{"line":1,"column":30},"end":{"line":13,"column":1}},"1":{"start":{"line":4,"column":15},"end":{"line":4,"column":34}},"2":{"start":{"line":5,"column":16},"end":{"line":5,"column":65}},"3":{"start":{"line":6,"column":14},"end":{"line":6,"column":56}},"4":{"start":{"line":7,"column":15},"end":{"line":7,"column":33}},"5":{"start":{"line":9,"column":15},"end":{"line":9,"column":58}},"6":{"start":{"line":10,"column":18},"end":{"line":10,"column":63}},"7":{"start":{"line":12,"column":2},"end":{"line":12,"column":54}}},"fnMap":{"0":{"name":"(anonymous_0)","decl":{"start":{"line":1,"column":30},"end":{"line":1,"column":31}},"loc":{"start":{"line":1,"column":45},"end":{"line":13,"column":1}},"line":1}},"branchMap":{},"s":{"0":1,"1":0,"2":0,"3":0,"4":0,"5":0,"6":0,"7":0},"f":{"0":0},"b":{},"_coverageSchema":"1a1c01bbd47fc00a2c39e90264f33305004495a9","hash":"99eb61a559937ad2a5d78078bd97494168e1d27f"}
,"/home/john/Desktop/ChatApp/client-wise-ui/src/context/ThemeContext.jsx": {"path":"/home/john/Desktop/ChatApp/client-wise-ui/src/context/ThemeContext.jsx","statementMap":{"0":{"start":{"line":2,"column":28},"end":{"line":2,"column":45}},"1":{"start":{"line":4,"column":36},"end":{"line":23,"column":1}},"2":{"start":{"line":6,"column":40},"end":{"line":6,"column":55}},"3":{"start":{"line":8,"column":2},"end":{"line":22,"column":3}}},"fnMap":{"0":{"name":"(anonymous_0)","decl":{"start":{"line":4,"column":36},"end":{"line":4,"column":37}},"loc":{"start":{"line":4,"column":52},"end":{"line":23,"column":1}},"line":4}},"branchMap":{},"s":{"0":1,"1":1,"2":0,"3":0},"f":{"0":0},"b":{},"_coverageSchema":"1a1c01bbd47fc00a2c39e90264f33305004495a9","hash":"f9fa5648cd8e55e3ea484cab5b81b8b49b4450a9"}
,"/home/john/Desktop/ChatApp/client-wise-ui/src/context/UserContext.jsx": {"path":"/home/john/Desktop/ChatApp/client-wise-ui/src/context/UserContext.jsx","statementMap":{"0":{"start":{"line":4,"column":27},"end":{"line":4,"column":44}},"1":{"start":{"line":5,"column":35},"end":{"line":45,"column":1}},"2":{"start":{"line":7,"column":34},"end":{"line":7,"column":48}},"3":{"start":{"line":10,"column":22},"end":{"line":10,"column":36}},"4":{"start":{"line":12,"column":28},"end":{"line":12,"column":40}},"5":{"start":{"line":13,"column":2},"end":{"line":31,"column":9}},"6":{"start":{"line":14,"column":34},"end":{"line":14,"column":63}},"7":{"start":{"line":15,"column":4},"end":{"line":15,"column":68}},"8":{"start":{"line":16,"column":4},"end":{"line":20,"column":5}},"9":{"start":{"line":17,"column":6},"end":{"line":17,"column":38}},"10":{"start":{"line":18,"column":6},"end":{"line":18,"column":64}},"11":{"start":{"line":19,"column":6},"end":{"line":19,"column":52}},"12":{"start":{"line":21,"column":4},"end":{"line":30,"column":9}},"13":{"start":{"line":24,"column":8},"end":{"line":24,"column":35}},"14":{"start":{"line":26,"column":8},"end":{"line":26,"column":27}},"15":{"start":{"line":29,"column":8},"end":{"line":29,"column":27}},"16":{"start":{"line":32,"column":2},"end":{"line":44,"column":4}}},"fnMap":{"0":{"name":"(anonymous_0)","decl":{"start":{"line":5,"column":35},"end":{"line":5,"column":36}},"loc":{"start":{"line":5,"column":53},"end":{"line":45,"column":1}},"line":5},"1":{"name":"(anonymous_1)","decl":{"start":{"line":13,"column":12},"end":{"line":13,"column":13}},"loc":{"start":{"line":13,"column":18},"end":{"line":31,"column":3}},"line":13},"2":{"name":"(anonymous_2)","decl":{"start":{"line":23,"column":12},"end":{"line":23,"column":13}},"loc":{"start":{"line":23,"column":26},"end":{"line":27,"column":7}},"line":23},"3":{"name":"(anonymous_3)","decl":{"start":{"line":28,"column":13},"end":{"line":28,"column":14}},"loc":{"start":{"line":28,"column":24},"end":{"line":30,"column":7}},"line":28}},"branchMap":{"0":{"loc":{"start":{"line":16,"column":4},"end":{"line":20,"column":5}},"type":"if","locations":[{"start":{"line":16,"column":4},"end":{"line":20,"column":5}},{"start":{},"end":{}}],"line":16}},"s":{"0":1,"1":1,"2":0,"3":0,"4":0,"5":0,"6":0,"7":0,"8":0,"9":0,"10":0,"11":0,"12":0,"13":0,"14":0,"15":0,"16":0},"f":{"0":0,"1":0,"2":0,"3":0},"b":{"0":[0,0]},"_coverageSchema":"1a1c01bbd47fc00a2c39e90264f33305004495a9","hash":"8859829d0c2fdaef871d7e9e955b67db213e82f2"}
,"/home/john/Desktop/ChatApp/client-wise-ui/src/pages/Register.jsx": {"path":"/home/john/Desktop/ChatApp/client-wise-ui/src/pages/Register.jsx","statementMap":{"0":{"start":{"line":5,"column":17},"end":{"line":109,"column":1}},"1":{"start":{"line":6,"column":34},"end":{"line":6,"column":46}},"2":{"start":{"line":7,"column":34},"end":{"line":7,"column":46}},"3":{"start":{"line":8,"column":52},"end":{"line":8,"column":72}},"4":{"start":{"line":9,"column":53},"end":{"line":9,"column":76}},"5":{"start":{"line":10,"column":26},"end":{"line":31,"column":3}},"6":{"start":{"line":11,"column":4},"end":{"line":11,"column":23}},"7":{"start":{"line":13,"column":6},"end":{"line":15,"column":45}},"8":{"start":{"line":16,"column":21},"end":{"line":19,"column":6}},"9":{"start":{"line":20,"column":4},"end":{"line":28,"column":5}},"10":{"start":{"line":21,"column":6},"end":{"line":21,"column":24}},"11":{"start":{"line":22,"column":6},"end":{"line":22,"column":46}},"12":{"start":{"line":23,"column":6},"end":{"line":23,"column":65}},"13":{"start":{"line":24,"column":6},"end":{"line":24,"column":59}},"14":{"start":{"line":25,"column":6},"end":{"line":25,"column":35}},"15":{"start":{"line":27,"column":6},"end":{"line":27,"column":22}},"16":{"start":{"line":29,"column":4},"end":{"line":29,"column":20}},"17":{"start":{"line":30,"column":4},"end":{"line":30,"column":20}},"18":{"start":{"line":33,"column":2},"end":{"line":108,"column":4}},"19":{"start":{"line":52,"column":29},"end":{"line":52,"column":56}},"20":{"start":{"line":62,"column":29},"end":{"line":62,"column":56}},"21":{"start":{"line":80,"column":31},"end":{"line":80,"column":63}},"22":{"start":{"line":99,"column":31},"end":{"line":99,"column":60}}},"fnMap":{"0":{"name":"(anonymous_0)","decl":{"start":{"line":5,"column":17},"end":{"line":5,"column":18}},"loc":{"start":{"line":5,"column":23},"end":{"line":109,"column":1}},"line":5},"1":{"name":"(anonymous_1)","decl":{"start":{"line":10,"column":26},"end":{"line":10,"column":27}},"loc":{"start":{"line":10,"column":39},"end":{"line":31,"column":3}},"line":10},"2":{"name":"(anonymous_2)","decl":{"start":{"line":52,"column":22},"end":{"line":52,"column":23}},"loc":{"start":{"line":52,"column":29},"end":{"line":52,"column":56}},"line":52},"3":{"name":"(anonymous_3)","decl":{"start":{"line":62,"column":22},"end":{"line":62,"column":23}},"loc":{"start":{"line":62,"column":29},"end":{"line":62,"column":56}},"line":62},"4":{"name":"(anonymous_4)","decl":{"start":{"line":80,"column":25},"end":{"line":80,"column":26}},"loc":{"start":{"line":80,"column":31},"end":{"line":80,"column":63}},"line":80},"5":{"name":"(anonymous_5)","decl":{"start":{"line":99,"column":25},"end":{"line":99,"column":26}},"loc":{"start":{"line":99,"column":31},"end":{"line":99,"column":60}},"line":99}},"branchMap":{"0":{"loc":{"start":{"line":13,"column":6},"end":{"line":15,"column":45}},"type":"cond-expr","locations":[{"start":{"line":14,"column":10},"end":{"line":14,"column":45}},{"start":{"line":15,"column":10},"end":{"line":15,"column":45}}],"line":13},"1":{"loc":{"start":{"line":20,"column":4},"end":{"line":28,"column":5}},"type":"if","locations":[{"start":{"line":20,"column":4},"end":{"line":28,"column":5}},{"start":{},"end":{}}],"line":20},"2":{"loc":{"start":{"line":39,"column":9},"end":{"line":45,"column":9}},"type":"cond-expr","locations":[{"start":{"line":40,"column":10},"end":{"line":42,"column":15}},{"start":{"line":44,"column":10},"end":{"line":44,"column":78}}],"line":39},"3":{"loc":{"start":{"line":67,"column":9},"end":{"line":105,"column":9}},"type":"cond-expr","locations":[{"start":{"line":68,"column":10},"end":{"line":85,"column":16}},{"start":{"line":87,"column":10},"end":{"line":104,"column":16}}],"line":67}},"s":{"0":1,"1":1,"2":1,"3":1,"4":1,"5":1,"6":0,"7":0,"8":0,"9":0,"10":0,"11":0,"12":0,"13":0,"14":0,"15":0,"16":0,"17":0,"18":1,"19":0,"20":0,"21":0,"22":0},"f":{"0":1,"1":0,"2":0,"3":0,"4":0,"5":0},"b":{"0":[0,0],"1":[0,0],"2":[1,0],"3":[0,1]},"_coverageSchema":"1a1c01bbd47fc00a2c39e90264f33305004495a9","hash":"280ea1d08c94ffcfe94131dc4ae32e32e12dcb53"}
}
